Assembler report for DUNE_DAT_FPGA
Tue Jan 10 18:23:56 2023
Quartus Prime Version 17.1.0 Build 590 10/25/2017 SJ Standard Edition


---------------------
; Table of Contents ;
---------------------
  1. Legal Notice
  2. Assembler Summary
  3. Assembler Settings
  4. Assembler Encrypted IP Cores Summary
  5. Assembler Generated Files
  6. Assembler Device Options: C:/Users/Jillian/OneDrive - Brookhaven National Laboratory/Documents/DUNE/DAT/DUNE_DAT_FPGA_V2B/output_files/DUNE_DAT_FPGA.sof
  7. Assembler Device Options: C:/Users/Jillian/OneDrive - Brookhaven National Laboratory/Documents/DUNE/DAT/DUNE_DAT_FPGA_V2B/output_files/DUNE_DAT_FPGA.pof
  8. Assembler Messages



----------------
; Legal Notice ;
----------------
Copyright (C) 2017  Intel Corporation. All rights reserved.
Your use of Intel Corporation's design tools, logic functions 
and other software and tools, and its AMPP partner logic 
functions, and any output files from any of the foregoing 
(including device programming or simulation files), and any 
associated documentation or information are expressly subject 
to the terms and conditions of the Intel Program License 
Subscription Agreement, the Intel Quartus Prime License Agreement,
the Intel FPGA IP License Agreement, or other applicable license
agreement, including, without limitation, that your use is for
the sole purpose of programming logic devices manufactured by
Intel and sold by Intel or its authorized distributors.  Please
refer to the applicable agreement for further details.



+---------------------------------------------------------------+
; Assembler Summary                                             ;
+-----------------------+---------------------------------------+
; Assembler Status      ; Successful - Tue Jan 10 18:23:56 2023 ;
; Revision Name         ; DUNE_DAT_FPGA                         ;
; Top-level Entity Name ; DUNE_DAT_FPGA                         ;
; Family                ; Cyclone IV GX                         ;
; Device                ; EP4CGX50DF27C7                        ;
+-----------------------+---------------------------------------+


+----------------------------------+
; Assembler Settings               ;
+--------+---------+---------------+
; Option ; Setting ; Default Value ;
+--------+---------+---------------+


+------------------------------------------------+
; Assembler Encrypted IP Cores Summary           ;
+--------+------------------------+--------------+
; Vendor ; IP Core Name           ; License Type ;
+--------+------------------------+--------------+
; Altera ; Signal Tap (6AF7 BCE1) ; Licensed     ;
; Altera ; Signal Tap (6AF7 BCEC) ; Licensed     ;
+--------+------------------------+--------------+


+--------------------------------------------------------------------------------------------------------------------------------+
; Assembler Generated Files                                                                                                      ;
+--------------------------------------------------------------------------------------------------------------------------------+
; File Name                                                                                                                      ;
+--------------------------------------------------------------------------------------------------------------------------------+
; C:/Users/Jillian/OneDrive - Brookhaven National Laboratory/Documents/DUNE/DAT/DUNE_DAT_FPGA_V2B/output_files/DUNE_DAT_FPGA.sof ;
; C:/Users/Jillian/OneDrive - Brookhaven National Laboratory/Documents/DUNE/DAT/DUNE_DAT_FPGA_V2B/output_files/DUNE_DAT_FPGA.pof ;
+--------------------------------------------------------------------------------------------------------------------------------+


+----------------------------------------------------------------------------------------------------------------------------------------------------------+
; Assembler Device Options: C:/Users/Jillian/OneDrive - Brookhaven National Laboratory/Documents/DUNE/DAT/DUNE_DAT_FPGA_V2B/output_files/DUNE_DAT_FPGA.sof ;
+----------------+-----------------------------------------------------------------------------------------------------------------------------------------+
; Option         ; Setting                                                                                                                                 ;
+----------------+-----------------------------------------------------------------------------------------------------------------------------------------+
; JTAG usercode  ; 0x0090A2B3                                                                                                                              ;
; Checksum       ; 0x0090A2B3                                                                                                                              ;
+----------------+-----------------------------------------------------------------------------------------------------------------------------------------+


+----------------------------------------------------------------------------------------------------------------------------------------------------------+
; Assembler Device Options: C:/Users/Jillian/OneDrive - Brookhaven National Laboratory/Documents/DUNE/DAT/DUNE_DAT_FPGA_V2B/output_files/DUNE_DAT_FPGA.pof ;
+--------------------+-------------------------------------------------------------------------------------------------------------------------------------+
; Option             ; Setting                                                                                                                             ;
+--------------------+-------------------------------------------------------------------------------------------------------------------------------------+
; JTAG usercode      ; 0x00000000                                                                                                                          ;
; Checksum           ; 0x73E9914D                                                                                                                          ;
; Compression Ratio  ; 3                                                                                                                                   ;
+--------------------+-------------------------------------------------------------------------------------------------------------------------------------+


+--------------------+
; Assembler Messages ;
+--------------------+
Info: *******************************************************************
Info: Running Quartus Prime Assembler
    Info: Version 17.1.0 Build 590 10/25/2017 SJ Standard Edition
    Info: Processing started: Tue Jan 10 18:23:51 2023
Info: Command: quartus_asm --read_settings_files=off --write_settings_files=off DUNE_DAT_FPGA -c DUNE_DAT_FPGA
Warning (18236): Number of processors has not been specified which may cause overloading on shared machines.  Set the global assignment NUM_PARALLEL_PROCESSORS in your QSF to an appropriate value for best performance.
Info (115031): Writing out detailed assembly data for power analysis
Info (115030): Assembler is generating device programming files
Info: Quartus Prime Assembler was successful. 0 errors, 1 warning
    Info: Peak virtual memory: 4793 megabytes
    Info: Processing ended: Tue Jan 10 18:23:56 2023
    Info: Elapsed time: 00:00:05
    Info: Total CPU time (on all processors): 00:00:04


